app/build/outputs/logs/manifest-merger-debug-report.txt
-- Merging decision tree log ---
manifest
ADDED from src/main/AndroidManifest.xml:2:1-26:12
INJECTED from src/main/AndroidManifest.xml:2:1-26:12
INJECTED from src/main/AndroidManifest.xml:2:1-26:12
INJECTED from src/main/AndroidManifest.xml:2:1-26:12
MERGED from [com.android.support:support-v4:27.1.1] AndroidManifest.xml:17:1-22:12
MERGED from [com.android.support:support-media-compat:27.1.1] AndroidManifest.xml:17:1-22:12
MERGED from [com.android.support:support-fragment:27.1.1] AndroidManifest.xml:17:1-22:12
MERGED from [com.android.support:support-core-ui:27.1.1] AndroidManifest.xml:17:1-22:12
MERGED from [com.android.support:support-core-utils:27.1.1] AndroidManifest.xml:17:1-22:12
MERGED from [com.android.support:support-compat:27.1.1] AndroidManifest.xml:17:1-22:12
MERGED from [android.arch.lifecycle:runtime:1.1.0] AndroidManifest.xml:17:1-22:12
MERGED from [android.arch.lifecycle:livedata-core:1.1.0] AndroidManifest.xml:17:1-22:12
MERGED from [android.arch.lifecycle:viewmodel:1.1.0] AndroidManifest.xml:17:1-22:12
MERGED from [android.arch.core:runtime:1.1.0] AndroidManifest.xml:17:1-22:12
INJECTED from src/main/AndroidManifest.xml:2:1-26:12
INJECTED from src/main/AndroidManifest.xml:2:1-26:12
INJECTED from src/main/AndroidManifest.xml:2:1-26:12
	package
		ADDED from src/main/AndroidManifest.xml:3:5-35
		INJECTED from src/main/AndroidManifest.xml
		INJECTED from src/main/AndroidManifest.xml
	android:versionName
		ADDED from src/main/AndroidManifest.xml:5:5-30
		INJECTED from src/main/AndroidManifest.xml
		INJECTED from src/main/AndroidManifest.xml
	xmlns:android
		ADDED from src/main/AndroidManifest.xml:2:11-69
	android:versionCode
		ADDED from src/main/AndroidManifest.xml:4:5-28
		INJECTED from src/main/AndroidManifest.xml
		INJECTED from src/main/AndroidManifest.xml
	android:installLocation
		ADDED from src/main/AndroidManifest.xml:6:5-45
uses-sdk
ADDED from src/main/AndroidManifest.xml:7:3-8:38
INJECTED from src/main/AndroidManifest.xml:7:3-8:38
INJECTED from src/main/AndroidManifest.xml:7:3-8:38
MERGED from [com.android.support:support-v4:27.1.1] AndroidManifest.xml:20:5-44
MERGED from [com.android.support:support-v4:27.1.1] AndroidManifest.xml:20:5-44
MERGED from [com.android.support:support-media-compat:27.1.1] AndroidManifest.xml:20:5-44
MERGED from [com.android.support:support-media-compat:27.1.1] AndroidManifest.xml:20:5-44
MERGED from [com.android.support:support-fragment:27.1.1] AndroidManifest.xml:20:5-44
MERGED from [com.android.support:support-fragment:27.1.1] AndroidManifest.xml:20:5-44
MERGED from [com.android.support:support-core-ui:27.1.1] AndroidManifest.xml:20:5-44
MERGED from [com.android.support:support-core-ui:27.1.1] AndroidManifest.xml:20:5-44
MERGED from [com.android.support:support-core-utils:27.1.1] AndroidManifest.xml:20:5-44
MERGED from [com.android.support:support-core-utils:27.1.1] AndroidManifest.xml:20:5-44
MERGED from [com.android.support:support-compat:27.1.1] AndroidManifest.xml:20:5-44
MERGED from [com.android.support:support-compat:27.1.1] AndroidManifest.xml:20:5-44
MERGED from [android.arch.lifecycle:runtime:1.1.0] AndroidManifest.xml:20:5-44
MERGED from [android.arch.lifecycle:runtime:1.1.0] AndroidManifest.xml:20:5-44
MERGED from [android.arch.lifecycle:livedata-core:1.1.0] AndroidManifest.xml:20:5-44
MERGED from [android.arch.lifecycle:livedata-core:1.1.0] AndroidManifest.xml:20:5-44
MERGED from [android.arch.lifecycle:viewmodel:1.1.0] AndroidManifest.xml:20:5-44
MERGED from [android.arch.lifecycle:viewmodel:1.1.0] AndroidManifest.xml:20:5-44
MERGED from [android.arch.core:runtime:1.1.0] AndroidManifest.xml:20:5-44
MERGED from [android.arch.core:runtime:1.1.0] AndroidManifest.xml:20:5-44
INJECTED from src/main/AndroidManifest.xml:7:3-8:38
INJECTED from src/main/AndroidManifest.xml:7:3-8:38
	android:targetSdkVersion
		ADDED from src/main/AndroidManifest.xml:8:7-36
		INJECTED from src/main/AndroidManifest.xml
		INJECTED from src/main/AndroidManifest.xml
	android:minSdkVersion
		ADDED from src/main/AndroidManifest.xml:7:13-38
		INJECTED from src/main/AndroidManifest.xml
		INJECTED from src/main/AndroidManifest.xml
uses-permission#android.permission.WRITE_EXTERNAL_STORAGE
ADDED from src/main/AndroidManifest.xml:10:3-79
	android:name
		ADDED from src/main/AndroidManifest.xml:10:20-76
uses-permission#android.permission.INTERNET
ADDED from src/main/AndroidManifest.xml:11:3-65
	android:name
		ADDED from src/main/AndroidManifest.xml:11:20-62
application
ADDED from src/main/AndroidManifest.xml:13:3-25:17
	android:label
		ADDED from src/main/AndroidManifest.xml:13:16-48
	android:icon
		ADDED from src/main/AndroidManifest.xml:14:7-40
	android:theme
		ADDED from src/main/AndroidManifest.xml:15:7-40
activity#dk.eightyplus.annoto.MainActivity
ADDED from src/main/AndroidManifest.xml:17:5-23:16
	android:label
		ADDED from src/main/AndroidManifest.xml:18:9-41
	android:name
		ADDED from src/main/AndroidManifest.xml:17:15-43
intent-filter#action:name:android.intent.action.MAIN+category:name:android.intent.category.LAUNCHER
ADDED from src/main/AndroidManifest.xml:19:7-22:23
action#android.intent.action.MAIN
ADDED from src/main/AndroidManifest.xml:20:9-60
	android:name
		ADDED from src/main/AndroidManifest.xml:20:17-58
category#android.intent.category.LAUNCHER
ADDED from src/main/AndroidManifest.xml:21:9-68
	android:name
		ADDED from src/main/AndroidManifest.xml:21:19-66
activity#dk.eightyplus.annoto.WebPageActivity
ADDED from src/main/AndroidManifest.xml:24:5-65
	android:label
		ADDED from src/main/AndroidManifest.xml:24:46-62
	android:name
		ADDED from src/main/AndroidManifest.xml:24:15-45